<?xml version="1.0" encoding="UTF-8"?>
<!-- Generated by org.testng.reporters.JUnitXMLReporter -->
<testsuite ignored="0" hostname="Vinamr" failures="0" tests="11" name="Test" time="106.437" errors="0" timestamp="2025-09-22T17:45:53 IST">
  <testcase classname="tests.LoginTest" name="TC_01_ValidCredentials" time="2.548"/>
  <testcase classname="tests.LoginTest" name="TC_02_InvalidCredentials" time="2.351"/>
  <testcase classname="tests.LoginTest" name="TC_03_InvalidUsernameAndValidPassword" time="2.313"/>
  <testcase classname="tests.LoginTest" name="TC_04_ValidUsernameAndInvalidPassword" time="2.389"/>
  <testcase classname="tests.LoginTest" name="TC_05_BlankUsernameAndBlankPassword" time="1.224"/>
  <testcase classname="tests.LoginTest" name="TC_06_BlankUsernameAndValidPassword" time="0.982"/>
  <testcase classname="tests.LoginTest" name="TC_07_BlankUsernameAndInvalidPassword" time="1.017"/>
  <testcase classname="tests.LoginTest" name="TC_08_ValidUsernameAndBlankPassword" time="1.216"/>
  <testcase classname="tests.LoginTest" name="TC_09_InvalidUsernameAndBlankPassword" time="1.289"/>
  <testcase classname="tests.LoginTest" name="TC_10_ForgotPassword" time="1.676"/>
  <testcase classname="tests.LogoutTest" name="TC_11_Userlogout" time="5.204"/>
</testsuite> <!-- Test -->
