<?xml version="1.0" encoding="UTF-8"?>
<testng-results ignored="0" total="11" passed="11" failed="0" skipped="0">
  <reporter-output>
  </reporter-output>
  <suite started-at="2025-09-22T17:44:06 IST" name="Suite" finished-at="2025-09-22T17:45:52 IST" duration-ms="106437">
    <groups>
    </groups>
    <test started-at="2025-09-22T17:44:06 IST" name="Test" finished-at="2025-09-22T17:45:52 IST" duration-ms="106437">
      <class name="tests.LoginTest">
        <test-method is-config="true" signature="setup()[pri:0, instance:tests.LoginTest@3fc2959f]" started-at="2025-09-22T17:44:07 IST" name="setup" finished-at="2025-09-22T17:44:16 IST" duration-ms="9386" status="PASS">
          <reporter-output>
          </reporter-output>
        </test-method> <!-- setup -->
        <test-method signature="TC_01_ValidCredentials()[pri:0, instance:tests.LoginTest@3fc2959f]" started-at="2025-09-22T17:44:16 IST" name="TC_01_ValidCredentials" finished-at="2025-09-22T17:44:18 IST" duration-ms="2548" status="PASS">
          <reporter-output>
          </reporter-output>
        </test-method> <!-- TC_01_ValidCredentials -->
        <test-method is-config="true" signature="teardown()[pri:0, instance:tests.LoginTest@3fc2959f]" started-at="2025-09-22T17:44:18 IST" name="teardown" finished-at="2025-09-22T17:44:19 IST" duration-ms="871" status="PASS">
          <reporter-output>
          </reporter-output>
        </test-method> <!-- teardown -->
        <test-method is-config="true" signature="setup()[pri:0, instance:tests.LoginTest@3fc2959f]" started-at="2025-09-22T17:44:19 IST" name="setup" finished-at="2025-09-22T17:44:26 IST" duration-ms="6573" status="PASS">
          <reporter-output>
          </reporter-output>
        </test-method> <!-- setup -->
        <test-method signature="TC_02_InvalidCredentials()[pri:1, instance:tests.LoginTest@3fc2959f]" started-at="2025-09-22T17:44:26 IST" name="TC_02_InvalidCredentials" finished-at="2025-09-22T17:44:28 IST" duration-ms="2351" status="PASS">
          <reporter-output>
          </reporter-output>
        </test-method> <!-- TC_02_InvalidCredentials -->
        <test-method is-config="true" signature="teardown()[pri:0, instance:tests.LoginTest@3fc2959f]" started-at="2025-09-22T17:44:28 IST" name="teardown" finished-at="2025-09-22T17:44:29 IST" duration-ms="665" status="PASS">
          <reporter-output>
          </reporter-output>
        </test-method> <!-- teardown -->
        <test-method is-config="true" signature="setup()[pri:0, instance:tests.LoginTest@3fc2959f]" started-at="2025-09-22T17:44:29 IST" name="setup" finished-at="2025-09-22T17:44:35 IST" duration-ms="6518" status="PASS">
          <reporter-output>
          </reporter-output>
        </test-method> <!-- setup -->
        <test-method signature="TC_03_InvalidUsernameAndValidPassword()[pri:2, instance:tests.LoginTest@3fc2959f]" started-at="2025-09-22T17:44:35 IST" name="TC_03_InvalidUsernameAndValidPassword" finished-at="2025-09-22T17:44:38 IST" duration-ms="2313" status="PASS">
          <reporter-output>
          </reporter-output>
        </test-method> <!-- TC_03_InvalidUsernameAndValidPassword -->
        <test-method is-config="true" signature="teardown()[pri:0, instance:tests.LoginTest@3fc2959f]" started-at="2025-09-22T17:44:38 IST" name="teardown" finished-at="2025-09-22T17:44:39 IST" duration-ms="755" status="PASS">
          <reporter-output>
          </reporter-output>
        </test-method> <!-- teardown -->
        <test-method is-config="true" signature="setup()[pri:0, instance:tests.LoginTest@3fc2959f]" started-at="2025-09-22T17:44:39 IST" name="setup" finished-at="2025-09-22T17:44:46 IST" duration-ms="7365" status="PASS">
          <reporter-output>
          </reporter-output>
        </test-method> <!-- setup -->
        <test-method signature="TC_04_ValidUsernameAndInvalidPassword()[pri:3, instance:tests.LoginTest@3fc2959f]" started-at="2025-09-22T17:44:46 IST" name="TC_04_ValidUsernameAndInvalidPassword" finished-at="2025-09-22T17:44:48 IST" duration-ms="2389" status="PASS">
          <reporter-output>
          </reporter-output>
        </test-method> <!-- TC_04_ValidUsernameAndInvalidPassword -->
        <test-method is-config="true" signature="teardown()[pri:0, instance:tests.LoginTest@3fc2959f]" started-at="2025-09-22T17:44:48 IST" name="teardown" finished-at="2025-09-22T17:44:49 IST" duration-ms="851" status="PASS">
          <reporter-output>
          </reporter-output>
        </test-method> <!-- teardown -->
        <test-method is-config="true" signature="setup()[pri:0, instance:tests.LoginTest@3fc2959f]" started-at="2025-09-22T17:44:49 IST" name="setup" finished-at="2025-09-22T17:44:56 IST" duration-ms="6490" status="PASS">
          <reporter-output>
          </reporter-output>
        </test-method> <!-- setup -->
        <test-method signature="TC_05_BlankUsernameAndBlankPassword()[pri:4, instance:tests.LoginTest@3fc2959f]" started-at="2025-09-22T17:44:56 IST" name="TC_05_BlankUsernameAndBlankPassword" finished-at="2025-09-22T17:44:57 IST" duration-ms="1224" status="PASS">
          <reporter-output>
          </reporter-output>
        </test-method> <!-- TC_05_BlankUsernameAndBlankPassword -->
        <test-method is-config="true" signature="teardown()[pri:0, instance:tests.LoginTest@3fc2959f]" started-at="2025-09-22T17:44:57 IST" name="teardown" finished-at="2025-09-22T17:44:58 IST" duration-ms="758" status="PASS">
          <reporter-output>
          </reporter-output>
        </test-method> <!-- teardown -->
        <test-method is-config="true" signature="setup()[pri:0, instance:tests.LoginTest@3fc2959f]" started-at="2025-09-22T17:44:58 IST" name="setup" finished-at="2025-09-22T17:45:04 IST" duration-ms="6718" status="PASS">
          <reporter-output>
          </reporter-output>
        </test-method> <!-- setup -->
        <test-method signature="TC_06_BlankUsernameAndValidPassword()[pri:5, instance:tests.LoginTest@3fc2959f]" started-at="2025-09-22T17:45:04 IST" name="TC_06_BlankUsernameAndValidPassword" finished-at="2025-09-22T17:45:05 IST" duration-ms="982" status="PASS">
          <reporter-output>
          </reporter-output>
        </test-method> <!-- TC_06_BlankUsernameAndValidPassword -->
        <test-method is-config="true" signature="teardown()[pri:0, instance:tests.LoginTest@3fc2959f]" started-at="2025-09-22T17:45:05 IST" name="teardown" finished-at="2025-09-22T17:45:06 IST" duration-ms="722" status="PASS">
          <reporter-output>
          </reporter-output>
        </test-method> <!-- teardown -->
        <test-method is-config="true" signature="setup()[pri:0, instance:tests.LoginTest@3fc2959f]" started-at="2025-09-22T17:45:06 IST" name="setup" finished-at="2025-09-22T17:45:13 IST" duration-ms="6396" status="PASS">
          <reporter-output>
          </reporter-output>
        </test-method> <!-- setup -->
        <test-method signature="TC_07_BlankUsernameAndInvalidPassword()[pri:6, instance:tests.LoginTest@3fc2959f]" started-at="2025-09-22T17:45:13 IST" name="TC_07_BlankUsernameAndInvalidPassword" finished-at="2025-09-22T17:45:14 IST" duration-ms="1017" status="PASS">
          <reporter-output>
          </reporter-output>
        </test-method> <!-- TC_07_BlankUsernameAndInvalidPassword -->
        <test-method is-config="true" signature="teardown()[pri:0, instance:tests.LoginTest@3fc2959f]" started-at="2025-09-22T17:45:14 IST" name="teardown" finished-at="2025-09-22T17:45:14 IST" duration-ms="745" status="PASS">
          <reporter-output>
          </reporter-output>
        </test-method> <!-- teardown -->
        <test-method is-config="true" signature="setup()[pri:0, instance:tests.LoginTest@3fc2959f]" started-at="2025-09-22T17:45:14 IST" name="setup" finished-at="2025-09-22T17:45:21 IST" duration-ms="6353" status="PASS">
          <reporter-output>
          </reporter-output>
        </test-method> <!-- setup -->
        <test-method signature="TC_08_ValidUsernameAndBlankPassword()[pri:7, instance:tests.LoginTest@3fc2959f]" started-at="2025-09-22T17:45:21 IST" name="TC_08_ValidUsernameAndBlankPassword" finished-at="2025-09-22T17:45:22 IST" duration-ms="1216" status="PASS">
          <reporter-output>
          </reporter-output>
        </test-method> <!-- TC_08_ValidUsernameAndBlankPassword -->
        <test-method is-config="true" signature="teardown()[pri:0, instance:tests.LoginTest@3fc2959f]" started-at="2025-09-22T17:45:22 IST" name="teardown" finished-at="2025-09-22T17:45:23 IST" duration-ms="959" status="PASS">
          <reporter-output>
          </reporter-output>
        </test-method> <!-- teardown -->
        <test-method is-config="true" signature="setup()[pri:0, instance:tests.LoginTest@3fc2959f]" started-at="2025-09-22T17:45:23 IST" name="setup" finished-at="2025-09-22T17:45:29 IST" duration-ms="6509" status="PASS">
          <reporter-output>
          </reporter-output>
        </test-method> <!-- setup -->
        <test-method signature="TC_09_InvalidUsernameAndBlankPassword()[pri:8, instance:tests.LoginTest@3fc2959f]" started-at="2025-09-22T17:45:29 IST" name="TC_09_InvalidUsernameAndBlankPassword" finished-at="2025-09-22T17:45:31 IST" duration-ms="1289" status="PASS">
          <reporter-output>
          </reporter-output>
        </test-method> <!-- TC_09_InvalidUsernameAndBlankPassword -->
        <test-method is-config="true" signature="teardown()[pri:0, instance:tests.LoginTest@3fc2959f]" started-at="2025-09-22T17:45:31 IST" name="teardown" finished-at="2025-09-22T17:45:31 IST" duration-ms="710" status="PASS">
          <reporter-output>
          </reporter-output>
        </test-method> <!-- teardown -->
        <test-method is-config="true" signature="setup()[pri:0, instance:tests.LoginTest@3fc2959f]" started-at="2025-09-22T17:45:31 IST" name="setup" finished-at="2025-09-22T17:45:38 IST" duration-ms="6486" status="PASS">
          <reporter-output>
          </reporter-output>
        </test-method> <!-- setup -->
        <test-method signature="TC_10_ForgotPassword()[pri:9, instance:tests.LoginTest@3fc2959f]" started-at="2025-09-22T17:45:38 IST" name="TC_10_ForgotPassword" finished-at="2025-09-22T17:45:39 IST" duration-ms="1676" status="PASS">
          <reporter-output>
          </reporter-output>
        </test-method> <!-- TC_10_ForgotPassword -->
        <test-method is-config="true" signature="teardown()[pri:0, instance:tests.LoginTest@3fc2959f]" started-at="2025-09-22T17:45:39 IST" name="teardown" finished-at="2025-09-22T17:45:40 IST" duration-ms="686" status="PASS">
          <reporter-output>
          </reporter-output>
        </test-method> <!-- teardown -->
      </class> <!-- tests.LoginTest -->
      <class name="tests.LogoutTest">
        <test-method is-config="true" signature="setup()[pri:0, instance:tests.LogoutTest@7817fd62]" started-at="2025-09-22T17:45:40 IST" name="setup" finished-at="2025-09-22T17:45:46 IST" duration-ms="6284" status="PASS">
          <reporter-output>
          </reporter-output>
        </test-method> <!-- setup -->
        <test-method signature="TC_11_Userlogout()[pri:0, instance:tests.LogoutTest@7817fd62]" started-at="2025-09-22T17:45:46 IST" name="TC_11_Userlogout" finished-at="2025-09-22T17:45:52 IST" duration-ms="5204" status="PASS">
          <reporter-output>
          </reporter-output>
        </test-method> <!-- TC_11_Userlogout -->
        <test-method is-config="true" signature="teardown()[pri:0, instance:tests.LogoutTest@7817fd62]" started-at="2025-09-22T17:45:52 IST" name="teardown" finished-at="2025-09-22T17:45:52 IST" duration-ms="774" status="PASS">
          <reporter-output>
          </reporter-output>
        </test-method> <!-- teardown -->
      </class> <!-- tests.LogoutTest -->
    </test> <!-- Test -->
  </suite> <!-- Suite -->
</testng-results>
